#! /c/Source/iverilog-install/bin/vvp
:ivl_version "12.0 (devel)" "(s20150603-1539-g2693dd32b)";
:ivl_delay_selection "TYPICAL";
:vpi_time_precision - 12;
:vpi_module "C:\iverilog\lib\ivl\system.vpi";
:vpi_module "C:\iverilog\lib\ivl\vhdl_sys.vpi";
:vpi_module "C:\iverilog\lib\ivl\vhdl_textio.vpi";
:vpi_module "C:\iverilog\lib\ivl\v2005_math.vpi";
:vpi_module "C:\iverilog\lib\ivl\va_math.vpi";
S_000002bcf4274160 .scope module, "gcf_tb" "gcf_tb" 2 3;
 .timescale -9 -12;
v000002bcf42ecdb0_0 .var "clk", 0 0;
v000002bcf42ecef0_0 .var "data_in", 15 0;
v000002bcf42ecb30_0 .net "done", 0 0, v000002bcf42703b0_0;  1 drivers
v000002bcf42ece50_0 .var "reset", 0 0;
v000002bcf42ed030_0 .var "start", 0 0;
E_000002bcf4268f50 .event anyedge, v000002bcf42703b0_0;
S_000002bcf42749d0 .scope module, "uut" "GCF_Top" 2 12, 3 1 0, S_000002bcf4274160;
 .timescale 0 0;
    .port_info 0 /INPUT 1 "clk";
    .port_info 1 /INPUT 1 "reset";
    .port_info 2 /INPUT 1 "start";
    .port_info 3 /INPUT 16 "data_in";
    .port_info 4 /OUTPUT 1 "done";
v000002bcf42ed350_0 .net "clk", 0 0, v000002bcf42ecdb0_0;  1 drivers
v000002bcf42ec950_0 .net "data_in", 15 0, v000002bcf42ecef0_0;  1 drivers
v000002bcf42ee110_0 .net "done", 0 0, v000002bcf42703b0_0;  alias, 1 drivers
v000002bcf42ec9f0_0 .net "eq", 0 0, L_000002bcf42ed850;  1 drivers
v000002bcf42ede90_0 .net "gt", 0 0, L_000002bcf42eddf0;  1 drivers
v000002bcf42ed670_0 .net "ldA", 0 0, v000002bcf42960f0_0;  1 drivers
v000002bcf42ecd10_0 .net "ldB", 0 0, v000002bcf4296190_0;  1 drivers
v000002bcf42edd50_0 .net "lt", 0 0, L_000002bcf42ed710;  1 drivers
v000002bcf42ee610_0 .net "reset", 0 0, v000002bcf42ece50_0;  1 drivers
v000002bcf42eca90_0 .net "sel1", 0 0, v000002bcf428b5a0_0;  1 drivers
v000002bcf42ed170_0 .net "sel2", 0 0, v000002bcf42ec200_0;  1 drivers
v000002bcf42ecf90_0 .net "sel_in", 0 0, v000002bcf42ebda0_0;  1 drivers
v000002bcf42ed7b0_0 .net "start", 0 0, v000002bcf42ed030_0;  1 drivers
S_000002bcf4274b60 .scope module, "controller_inst" "GCF_controller" 3 14, 4 1 0, S_000002bcf42749d0;
 .timescale 0 0;
    .port_info 0 /INPUT 1 "clk";
    .port_info 1 /INPUT 1 "reset";
    .port_info 2 /INPUT 1 "start";
    .port_info 3 /INPUT 1 "lt";
    .port_info 4 /INPUT 1 "gt";
    .port_info 5 /INPUT 1 "eq";
    .port_info 6 /OUTPUT 1 "ldA";
    .port_info 7 /OUTPUT 1 "ldB";
    .port_info 8 /OUTPUT 1 "sel1";
    .port_info 9 /OUTPUT 1 "sel2";
    .port_info 10 /OUTPUT 1 "sel_in";
    .port_info 11 /OUTPUT 1 "done";
P_000002bcf4295f60 .param/l "S0" 1 4 8, C4<000>;
P_000002bcf4295f98 .param/l "S1" 1 4 9, C4<001>;
P_000002bcf4295fd0 .param/l "S2" 1 4 10, C4<010>;
P_000002bcf4296008 .param/l "S3" 1 4 11, C4<011>;
P_000002bcf4296040 .param/l "S4" 1 4 12, C4<100>;
P_000002bcf4296078 .param/l "S5" 1 4 13, C4<101>;
P_000002bcf42960b0 .param/l "S6" 1 4 14, C4<110>;
v000002bcf4270310_0 .net "clk", 0 0, v000002bcf42ecdb0_0;  alias, 1 drivers
v000002bcf42703b0_0 .var "done", 0 0;
v000002bcf4273b50_0 .net "eq", 0 0, L_000002bcf42ed850;  alias, 1 drivers
v000002bcf4273bf0_0 .net "gt", 0 0, L_000002bcf42eddf0;  alias, 1 drivers
v000002bcf42960f0_0 .var "ldA", 0 0;
v000002bcf4296190_0 .var "ldB", 0 0;
v000002bcf4296230_0 .net "lt", 0 0, L_000002bcf42ed710;  alias, 1 drivers
v000002bcf428b500_0 .net "reset", 0 0, v000002bcf42ece50_0;  alias, 1 drivers
v000002bcf428b5a0_0 .var "sel1", 0 0;
v000002bcf42ec200_0 .var "sel2", 0 0;
v000002bcf42ebda0_0 .var "sel_in", 0 0;
v000002bcf42ec160_0 .net "start", 0 0, v000002bcf42ed030_0;  alias, 1 drivers
v000002bcf42ec3e0_0 .var "state", 2 0;
E_000002bcf4268710 .event anyedge, v000002bcf42ec3e0_0;
E_000002bcf4268910 .event posedge, v000002bcf4270310_0;
S_000002bcf428b640 .scope module, "datapath_inst" "GCF_datapath" 3 30, 5 1 0, S_000002bcf42749d0;
 .timescale 0 0;
    .port_info 0 /OUTPUT 1 "lt";
    .port_info 1 /OUTPUT 1 "gt";
    .port_info 2 /OUTPUT 1 "eq";
    .port_info 3 /INPUT 16 "data_in";
    .port_info 4 /INPUT 1 "ldA";
    .port_info 5 /INPUT 1 "ldB";
    .port_info 6 /INPUT 1 "sel1";
    .port_info 7 /INPUT 1 "sel2";
    .port_info 8 /INPUT 1 "sel_in";
    .port_info 9 /INPUT 1 "clk";
v000002bcf42ee4d0_0 .net "Aout", 15 0, v000002bcf42ebb20_0;  1 drivers
v000002bcf42ed2b0_0 .net "Bout", 15 0, v000002bcf42ee2f0_0;  1 drivers
v000002bcf42ed530_0 .net "Subout", 15 0, v000002bcf42eda30_0;  1 drivers
v000002bcf42ee430_0 .net "bus_in", 15 0, L_000002bcf42ed0d0;  1 drivers
v000002bcf42ec810_0 .net "clk", 0 0, v000002bcf42ecdb0_0;  alias, 1 drivers
v000002bcf42ee1b0_0 .net "data_in", 15 0, v000002bcf42ecef0_0;  alias, 1 drivers
v000002bcf42edc10_0 .net "eq", 0 0, L_000002bcf42ed850;  alias, 1 drivers
v000002bcf42ed3f0_0 .net "gt", 0 0, L_000002bcf42eddf0;  alias, 1 drivers
v000002bcf42edb70_0 .net "ldA", 0 0, v000002bcf42960f0_0;  alias, 1 drivers
v000002bcf42edad0_0 .net "ldB", 0 0, v000002bcf4296190_0;  alias, 1 drivers
v000002bcf42ee390_0 .net "lt", 0 0, L_000002bcf42ed710;  alias, 1 drivers
v000002bcf42ee070_0 .net "sel1", 0 0, v000002bcf428b5a0_0;  alias, 1 drivers
v000002bcf42ed210_0 .net "sel2", 0 0, v000002bcf42ec200_0;  alias, 1 drivers
v000002bcf42ee570_0 .net "sel_in", 0 0, v000002bcf42ebda0_0;  alias, 1 drivers
v000002bcf42ecbd0_0 .net "x", 15 0, L_000002bcf42ed490;  1 drivers
v000002bcf42ec8b0_0 .net "y", 15 0, L_000002bcf42ed5d0;  1 drivers
S_000002bcf428ad30 .scope module, "COMP" "COMPARE" 5 50, 6 1 0, S_000002bcf428b640;
 .timescale 0 0;
    .port_info 0 /OUTPUT 1 "lt";
    .port_info 1 /OUTPUT 1 "gt";
    .port_info 2 /OUTPUT 1 "eq";
    .port_info 3 /INPUT 16 "data1";
    .port_info 4 /INPUT 16 "data2";
v000002bcf42ec5c0_0 .net "data1", 15 0, v000002bcf42ebb20_0;  alias, 1 drivers
v000002bcf42ec660_0 .net "data2", 15 0, v000002bcf42ee2f0_0;  alias, 1 drivers
v000002bcf42ebe40_0 .net "eq", 0 0, L_000002bcf42ed850;  alias, 1 drivers
v000002bcf42ec480_0 .net "gt", 0 0, L_000002bcf42eddf0;  alias, 1 drivers
v000002bcf42ec520_0 .net "lt", 0 0, L_000002bcf42ed710;  alias, 1 drivers
L_000002bcf42ed710 .cmp/gt 16, v000002bcf42ee2f0_0, v000002bcf42ebb20_0;
L_000002bcf42eddf0 .cmp/gt 16, v000002bcf42ebb20_0, v000002bcf42ee2f0_0;
L_000002bcf42ed850 .cmp/eq 16, v000002bcf42ebb20_0, v000002bcf42ee2f0_0;
S_000002bcf428aec0 .scope module, "MUX_IN1" "MUX" 5 36, 7 1 0, S_000002bcf428b640;
 .timescale 0 0;
    .port_info 0 /OUTPUT 16 "out";
    .port_info 1 /INPUT 16 "in0";
    .port_info 2 /INPUT 16 "in1";
    .port_info 3 /INPUT 1 "sel";
v000002bcf42ec700_0 .net "in0", 15 0, v000002bcf42ebb20_0;  alias, 1 drivers
v000002bcf42ebee0_0 .net "in1", 15 0, v000002bcf42ee2f0_0;  alias, 1 drivers
v000002bcf42ec2a0_0 .net "out", 15 0, L_000002bcf42ed490;  alias, 1 drivers
v000002bcf42ec340_0 .net "sel", 0 0, v000002bcf428b5a0_0;  alias, 1 drivers
L_000002bcf42ed490 .functor MUXZ 16, v000002bcf42ebb20_0, v000002bcf42ee2f0_0, v000002bcf428b5a0_0, C4<>;
S_000002bcf42887e0 .scope module, "MUX_IN2" "MUX" 5 43, 7 1 0, S_000002bcf428b640;
 .timescale 0 0;
    .port_info 0 /OUTPUT 16 "out";
    .port_info 1 /INPUT 16 "in0";
    .port_info 2 /INPUT 16 "in1";
    .port_info 3 /INPUT 1 "sel";
v000002bcf42ebf80_0 .net "in0", 15 0, v000002bcf42ebb20_0;  alias, 1 drivers
v000002bcf42ebd00_0 .net "in1", 15 0, v000002bcf42ee2f0_0;  alias, 1 drivers
v000002bcf42ec020_0 .net "out", 15 0, L_000002bcf42ed5d0;  alias, 1 drivers
v000002bcf42ec0c0_0 .net "sel", 0 0, v000002bcf42ec200_0;  alias, 1 drivers
L_000002bcf42ed5d0 .functor MUXZ 16, v000002bcf42ebb20_0, v000002bcf42ee2f0_0, v000002bcf42ec200_0, C4<>;
S_000002bcf4288970 .scope module, "MUX_load" "MUX" 5 15, 7 1 0, S_000002bcf428b640;
 .timescale 0 0;
    .port_info 0 /OUTPUT 16 "out";
    .port_info 1 /INPUT 16 "in0";
    .port_info 2 /INPUT 16 "in1";
    .port_info 3 /INPUT 1 "sel";
v000002bcf42ebc60_0 .net "in0", 15 0, v000002bcf42eda30_0;  alias, 1 drivers
v000002bcf42eb800_0 .net "in1", 15 0, v000002bcf42ecef0_0;  alias, 1 drivers
v000002bcf42eb8a0_0 .net "out", 15 0, L_000002bcf42ed0d0;  alias, 1 drivers
v000002bcf42eb940_0 .net "sel", 0 0, v000002bcf42ebda0_0;  alias, 1 drivers
L_000002bcf42ed0d0 .functor MUXZ 16, v000002bcf42eda30_0, v000002bcf42ecef0_0, v000002bcf42ebda0_0, C4<>;
S_000002bcf4280200 .scope module, "Reg_A" "PIPO" 5 22, 8 1 0, S_000002bcf428b640;
 .timescale 0 0;
    .port_info 0 /OUTPUT 16 "data_out";
    .port_info 1 /INPUT 16 "data_in";
    .port_info 2 /INPUT 1 "load";
    .port_info 3 /INPUT 1 "clk";
v000002bcf42eb9e0_0 .net "clk", 0 0, v000002bcf42ecdb0_0;  alias, 1 drivers
v000002bcf42eba80_0 .net "data_in", 15 0, L_000002bcf42ed0d0;  alias, 1 drivers
v000002bcf42ebb20_0 .var "data_out", 15 0;
v000002bcf42ebbc0_0 .net "load", 0 0, v000002bcf42960f0_0;  alias, 1 drivers
S_000002bcf4280390 .scope module, "Reg_B" "PIPO" 5 29, 8 1 0, S_000002bcf428b640;
 .timescale 0 0;
    .port_info 0 /OUTPUT 16 "data_out";
    .port_info 1 /INPUT 16 "data_in";
    .port_info 2 /INPUT 1 "load";
    .port_info 3 /INPUT 1 "clk";
v000002bcf42ee6b0_0 .net "clk", 0 0, v000002bcf42ecdb0_0;  alias, 1 drivers
v000002bcf42ecc70_0 .net "data_in", 15 0, L_000002bcf42ed0d0;  alias, 1 drivers
v000002bcf42ee2f0_0 .var "data_out", 15 0;
v000002bcf42edcb0_0 .net "load", 0 0, v000002bcf4296190_0;  alias, 1 drivers
S_000002bcf4275f90 .scope module, "SB" "SUB" 5 58, 9 1 0, S_000002bcf428b640;
 .timescale 0 0;
    .port_info 0 /OUTPUT 16 "out";
    .port_info 1 /INPUT 16 "in1";
    .port_info 2 /INPUT 16 "in2";
v000002bcf42ed990_0 .net "in1", 15 0, L_000002bcf42ed490;  alias, 1 drivers
v000002bcf42edfd0_0 .net "in2", 15 0, L_000002bcf42ed5d0;  alias, 1 drivers
v000002bcf42eda30_0 .var "out", 15 0;
E_000002bcf42689d0 .event anyedge, v000002bcf42ec2a0_0, v000002bcf42ec020_0;
    .scope S_000002bcf4274b60;
T_0 ;
    %wait E_000002bcf4268910;
    %load/vec4 v000002bcf428b500_0;
    %flag_set/vec4 8;
    %jmp/0xz  T_0.0, 8;
    %pushi/vec4 0, 0, 3;
    %assign/vec4 v000002bcf42ec3e0_0, 0;
    %jmp T_0.1;
T_0.0 ;
    %load/vec4 v000002bcf42ec3e0_0;
    %dup/vec4;
    %pushi/vec4 0, 0, 3;
    %cmp/u;
    %jmp/1 T_0.2, 6;
    %dup/vec4;
    %pushi/vec4 1, 0, 3;
    %cmp/u;
    %jmp/1 T_0.3, 6;
    %dup/vec4;
    %pushi/vec4 2, 0, 3;
    %cmp/u;
    %jmp/1 T_0.4, 6;
    %dup/vec4;
    %pushi/vec4 3, 0, 3;
    %cmp/u;
    %jmp/1 T_0.5, 6;
    %dup/vec4;
    %pushi/vec4 4, 0, 3;
    %cmp/u;
    %jmp/1 T_0.6, 6;
    %dup/vec4;
    %pushi/vec4 5, 0, 3;
    %cmp/u;
    %jmp/1 T_0.7, 6;
    %dup/vec4;
    %pushi/vec4 6, 0, 3;
    %cmp/u;
    %jmp/1 T_0.8, 6;
    %pushi/vec4 0, 0, 3;
    %assign/vec4 v000002bcf42ec3e0_0, 0;
    %jmp T_0.10;
T_0.2 ;
    %load/vec4 v000002bcf42ec160_0;
    %flag_set/vec4 8;
    %jmp/0xz  T_0.11, 8;
    %pushi/vec4 1, 0, 3;
    %assign/vec4 v000002bcf42ec3e0_0, 0;
T_0.11 ;
    %jmp T_0.10;
T_0.3 ;
    %pushi/vec4 2, 0, 3;
    %assign/vec4 v000002bcf42ec3e0_0, 0;
    %jmp T_0.10;
T_0.4 ;
    %pushi/vec4 3, 0, 3;
    %assign/vec4 v000002bcf42ec3e0_0, 0;
    %jmp T_0.10;
T_0.5 ;
    %load/vec4 v000002bcf4273b50_0;
    %flag_set/vec4 8;
    %jmp/0xz  T_0.13, 8;
    %pushi/vec4 6, 0, 3;
    %assign/vec4 v000002bcf42ec3e0_0, 0;
    %jmp T_0.14;
T_0.13 ;
    %load/vec4 v000002bcf4296230_0;
    %flag_set/vec4 8;
    %jmp/0xz  T_0.15, 8;
    %pushi/vec4 5, 0, 3;
    %assign/vec4 v000002bcf42ec3e0_0, 0;
    %jmp T_0.16;
T_0.15 ;
    %load/vec4 v000002bcf4273bf0_0;
    %flag_set/vec4 8;
    %jmp/0xz  T_0.17, 8;
    %pushi/vec4 4, 0, 3;
    %assign/vec4 v000002bcf42ec3e0_0, 0;
T_0.17 ;
T_0.16 ;
T_0.14 ;
    %jmp T_0.10;
T_0.6 ;
    %pushi/vec4 3, 0, 3;
    %assign/vec4 v000002bcf42ec3e0_0, 0;
    %jmp T_0.10;
T_0.7 ;
    %pushi/vec4 3, 0, 3;
    %assign/vec4 v000002bcf42ec3e0_0, 0;
    %jmp T_0.10;
T_0.8 ;
    %load/vec4 v000002bcf42ec160_0;
    %nor/r;
    %flag_set/vec4 8;
    %jmp/0xz  T_0.19, 8;
    %pushi/vec4 0, 0, 3;
    %assign/vec4 v000002bcf42ec3e0_0, 0;
T_0.19 ;
    %jmp T_0.10;
T_0.10 ;
    %pop/vec4 1;
T_0.1 ;
    %jmp T_0;
    .thread T_0;
    .scope S_000002bcf4274b60;
T_1 ;
    %wait E_000002bcf4268710;
    %pushi/vec4 0, 0, 1;
    %store/vec4 v000002bcf42960f0_0, 0, 1;
    %pushi/vec4 0, 0, 1;
    %store/vec4 v000002bcf4296190_0, 0, 1;
    %pushi/vec4 0, 0, 1;
    %store/vec4 v000002bcf428b5a0_0, 0, 1;
    %pushi/vec4 0, 0, 1;
    %store/vec4 v000002bcf42ec200_0, 0, 1;
    %pushi/vec4 0, 0, 1;
    %store/vec4 v000002bcf42ebda0_0, 0, 1;
    %pushi/vec4 0, 0, 1;
    %store/vec4 v000002bcf42703b0_0, 0, 1;
    %load/vec4 v000002bcf42ec3e0_0;
    %dup/vec4;
    %pushi/vec4 1, 0, 3;
    %cmp/u;
    %jmp/1 T_1.0, 6;
    %dup/vec4;
    %pushi/vec4 2, 0, 3;
    %cmp/u;
    %jmp/1 T_1.1, 6;
    %dup/vec4;
    %pushi/vec4 4, 0, 3;
    %cmp/u;
    %jmp/1 T_1.2, 6;
    %dup/vec4;
    %pushi/vec4 5, 0, 3;
    %cmp/u;
    %jmp/1 T_1.3, 6;
    %dup/vec4;
    %pushi/vec4 6, 0, 3;
    %cmp/u;
    %jmp/1 T_1.4, 6;
    %jmp T_1.5;
T_1.0 ;
    %pushi/vec4 1, 0, 1;
    %store/vec4 v000002bcf42960f0_0, 0, 1;
    %pushi/vec4 1, 0, 1;
    %store/vec4 v000002bcf42ebda0_0, 0, 1;
    %jmp T_1.5;
T_1.1 ;
    %pushi/vec4 1, 0, 1;
    %store/vec4 v000002bcf4296190_0, 0, 1;
    %pushi/vec4 1, 0, 1;
    %store/vec4 v000002bcf42ebda0_0, 0, 1;
    %jmp T_1.5;
T_1.2 ;
    %pushi/vec4 0, 0, 1;
    %store/vec4 v000002bcf428b5a0_0, 0, 1;
    %pushi/vec4 1, 0, 1;
    %store/vec4 v000002bcf42ec200_0, 0, 1;
    %pushi/vec4 1, 0, 1;
    %store/vec4 v000002bcf42960f0_0, 0, 1;
    %pushi/vec4 0, 0, 1;
    %store/vec4 v000002bcf42ebda0_0, 0, 1;
    %jmp T_1.5;
T_1.3 ;
    %pushi/vec4 1, 0, 1;
    %store/vec4 v000002bcf428b5a0_0, 0, 1;
    %pushi/vec4 0, 0, 1;
    %store/vec4 v000002bcf42ec200_0, 0, 1;
    %pushi/vec4 1, 0, 1;
    %store/vec4 v000002bcf4296190_0, 0, 1;
    %pushi/vec4 0, 0, 1;
    %store/vec4 v000002bcf42ebda0_0, 0, 1;
    %jmp T_1.5;
T_1.4 ;
    %pushi/vec4 1, 0, 1;
    %store/vec4 v000002bcf42703b0_0, 0, 1;
    %jmp T_1.5;
T_1.5 ;
    %pop/vec4 1;
    %jmp T_1;
    .thread T_1, $push;
    .scope S_000002bcf4280200;
T_2 ;
    %wait E_000002bcf4268910;
    %load/vec4 v000002bcf42ebbc0_0;
    %flag_set/vec4 8;
    %jmp/0xz  T_2.0, 8;
    %load/vec4 v000002bcf42eba80_0;
    %assign/vec4 v000002bcf42ebb20_0, 0;
T_2.0 ;
    %jmp T_2;
    .thread T_2;
    .scope S_000002bcf4280390;
T_3 ;
    %wait E_000002bcf4268910;
    %load/vec4 v000002bcf42edcb0_0;
    %flag_set/vec4 8;
    %jmp/0xz  T_3.0, 8;
    %load/vec4 v000002bcf42ecc70_0;
    %assign/vec4 v000002bcf42ee2f0_0, 0;
T_3.0 ;
    %jmp T_3;
    .thread T_3;
    .scope S_000002bcf4275f90;
T_4 ;
    %wait E_000002bcf42689d0;
    %load/vec4 v000002bcf42ed990_0;
    %load/vec4 v000002bcf42edfd0_0;
    %sub;
    %store/vec4 v000002bcf42eda30_0, 0, 16;
    %jmp T_4;
    .thread T_4, $push;
    .scope S_000002bcf4274160;
T_5 ;
    %delay 5000, 0;
    %load/vec4 v000002bcf42ecdb0_0;
    %inv;
    %store/vec4 v000002bcf42ecdb0_0, 0, 1;
    %jmp T_5;
    .thread T_5;
    .scope S_000002bcf4274160;
T_6 ;
    %vpi_call 2 25 "$dumpfile", "gcf_sim.vcd" {0 0 0};
    %vpi_call 2 26 "$dumpvars", 32'sb00000000000000000000000000000000, S_000002bcf4274160 {0 0 0};
    %pushi/vec4 0, 0, 1;
    %store/vec4 v000002bcf42ecdb0_0, 0, 1;
    %pushi/vec4 1, 0, 1;
    %store/vec4 v000002bcf42ece50_0, 0, 1;
    %pushi/vec4 0, 0, 1;
    %store/vec4 v000002bcf42ed030_0, 0, 1;
    %pushi/vec4 0, 0, 16;
    %store/vec4 v000002bcf42ecef0_0, 0, 16;
    %delay 10000, 0;
    %pushi/vec4 0, 0, 1;
    %store/vec4 v000002bcf42ece50_0, 0, 1;
    %delay 10000, 0;
    %pushi/vec4 1, 0, 1;
    %store/vec4 v000002bcf42ed030_0, 0, 1;
    %delay 10000, 0;
    %pushi/vec4 15, 0, 16;
    %store/vec4 v000002bcf42ecef0_0, 0, 16;
    %delay 10000, 0;
    %pushi/vec4 10, 0, 16;
    %store/vec4 v000002bcf42ecef0_0, 0, 16;
    %delay 10000, 0;
    %pushi/vec4 0, 0, 1;
    %store/vec4 v000002bcf42ed030_0, 0, 1;
T_6.0 ;
    %load/vec4 v000002bcf42ecb30_0;
    %pad/u 32;
    %pushi/vec4 1, 0, 32;
    %cmp/e;
    %flag_get/vec4 4;
    %cmpi/ne 1, 0, 1;
    %jmp/0xz T_6.1, 6;
    %wait E_000002bcf4268f50;
    %jmp T_6.0;
T_6.1 ;
    %delay 10000, 0;
    %vpi_call 2 54 "$display", "----------------------------------------------" {0 0 0};
    %vpi_call 2 55 "$display", "GCF Calculation Complete!" {0 0 0};
    %vpi_call 2 56 "$display", "Final Result in Register A: %d", v000002bcf42ee4d0_0 {0 0 0};
    %vpi_call 2 57 "$display", "Final Result in Register B: %d", v000002bcf42ed2b0_0 {0 0 0};
    %vpi_call 2 58 "$display", "----------------------------------------------" {0 0 0};
    %vpi_call 2 59 "$finish" {0 0 0};
    %end;
    .thread T_6;
# The file index is used to find the file name in the following table.
:file_names 10;
    "N/A";
    "<interactive>";
    "tb/gcf_tb.v";
    "src/gcf_top.v";
    "src/controller.v";
    "src/gcf_datapath.v";
    "src/comparator.v";
    "src/mux.v";
    "src/pipo.v";
    "src/subtractor.v";
